args=Namespace(get_top_members=None, update_film_ratings=False, user_film_ratings=None, users_to_update=True)
[Info] Check user updates
stale_timestamp=1699525322
  [Info] Found 5000 members in DB needing a film rating update
maxthemovieguy
beargenius
maybekayleeidk
cold_hashbrown
gp20
filmlover2468
miseryminister
edithwharton
zacblonded
mrmoseby23
outhailee
bloodcafe
aaronblocke
catbb
8beansoup
rupertknoll
samidb
iambayuanggoro
imamesscraven18
niceguy67
kanemutiny
riiima
wildaboutfilm
kennfluence
mxltisanti
dotficfr
jacenfilms
biwinning
curlyfr_y
lepetitprince
stefanmoon
londono
cdgray
niels_chp
mannu0
spap1
graveoryx
dondrapers
youseekyoda
colorbydeluxe
dreswai
finnleyy
pizzapianet
kendallwalsh
amxndareviews
dilfenthusiast
rupertpupkin
thesuicidesquad
marikaelon
mrmailboxx
mazinkaiser19
deathb4dinosaur
brokeboyinfilm
sarahsquirm
antonioorrico
kevin2803
zacefron
h1ddenlife
zebra
incrediblybleak
kitkitsolo
col_plimp
fat_alberta
pinkdollheart
paimonn
mskiesha
slim
mank
evolutionpod
tracesauveur
chavrosbaby
cassie
mbkeene
tears_in_rain
jake84
lily666kingston
christined
mattgoldberg
3lectricv
ovolteen
ghostlyuser
cerseilnstrs
micacardoso
frozenpandaman
livmendel
henryewing
karrie
lipe0004
mosquitodragon
sting
hesse
jakeaesthete
coolgirlgone
emilyjeanstone
f0xfire
amayahijueputa
bennash
meera
ratingbull
neilbahadur
auteur
flawed_lee
vernonator6497
watchwithweird
thebatz
ananoor
jlbedumb
sparkzvevo
malikontas
seanfennessey
alealcant_
moviesfan123
xautotelic
tessce
popplesfactory
handstomyself
retrobitchface
nateisadumbass
saw2004
cherprayers
hastapura
arkhamknightrid
12pt9
chichobutt89
bajzus
inkylewetrust1
alexlawther
fleamarked
bayboi
veronicamras
broey_deschanel
fabiro
issacrodriguez
v6446v
florencestignan
justinlanza
zachleslie
ameliahayez
mikeythelad
chriscabin
gainsbourg
kianacarpino
synthscore
imarat
iorenzo
cammmalot
catebres
goodbadmovies
movieswithjack
nathanrabin
wednesdaydreams
kentkently
kaitss
miag0th
trishtaik
dmt1927
fashionista69
theoperator
bethanyinfilm
clee64
jefleppard
user1660333111
vishnevetsky
screamqueen_97
innerash
drlemon
dootch
brakywaki
uncutmegs
jwibel
rianka
amandaquerz
critic17_
1019
gyllenhaall
k_asey
culvers
ashtonkinley
cinecaro
ginnyweasley
lilachopp
jasongg
robertsaucedo
gregburns
nikai
cevangelista413
talkinghead
delusions
cinebr
framingthepic
leonsgay
janehen
thomas_atreides
worstfilmbuff
lucreciamartel
flaska11
agozy2000
omahajon
julesus
bigtitties
rylanfilms
savage_
cb89
riverjphoenix
lawrenceeeeeeee
grabmymask
joe_88
alexjohansson
armandhammer
lifewithnopants
santanu_
andrewsvisual
luidematos
suspirliam
dumbsville
maleficmathias
moviemaxwell
comedyhipster
roarecashin
lenaigg
daniel_staebler
zombietrex
ianwokeup
danemcdonald
agastak
jojo731
kinavan_films
nihilism
bananahit
collin_clark
johannas
bisualvoy
furiose
gayandupset
justinwhang
oswaldomarchi
holliehorror
tototoro
cometwatching
asttlmr
willsmithfish
gerdshikoffer
onno
tyreehoffman
maximussol
gwenlikesfilm
inesortega
darcithorp
jjoey
notchazzy
wesparks2
justbrianna
williamfaeleith
laurenwilf
tsquared
filmsfanat1c
jacktoretto
maddiedrew
dystopiceyre
emma2020
benreavey2005
aykroyd
ash9399
pagnilayan
denimandleather
clairecao
creeber
davidvaka
pcharnz
tylot_lantern
dg_reviews
gbxiss
juliodogpit
saintrow1982
maddiemadison
himbohopkins
domthewriter
rayanstuff
joereid
imnotbutera
margiannats
_stephan_
lewis_clark
j_tunstall
gillyk82
ponysmasher
jimmyjone
robin22
waldo
moviemegs
lazybonesinc
briantt
annakendrick
cchalamet
bravo
pd187
j_katzenjammer
skyzar
louispeitzman
scarlett_w
elibue
pobrecito
rashaadharris
hamfruitcake
boringbluegirl
kylielemaster
gayartkid
pondragon
bigdeepee
bekapennywise
phrynefisher
biomythril
sophiekat_
zuzupan
panji_respati
nolanscheetz
atim2
isramatos
edasundae
excidamus
ninavillela
alderwar
miavll
analysinghorror
helena2121
acritic
sonnywortzik
chaseculler
louismacdonald
lifeasfiction
hattieelkington
extrabeurre
mi_m0
sunset99
cpine
brisween13
simononfilm
slicedude
flis04
gabthecritic
filmaticbby
migblah
vincelegeek
lonelytree
repojack
sodacreekfilm
isajjar
oneepiexe
skylerinthecine
cramer_k
thegaychingy
poulainreveur
_ac666
daddiela
juliendebaker
coz22998
phattrav
dallasfrance
corndogmaddy
maxxxine2024
sloanepeterson
animationolgist
harinef
hiddlesvariant
mrethandunne
antwine
michael11391
wallacewells19
kinggame
greenpatina
rutledal
apelsins
rosiemarx
camillereid543
mylastsigh
kip20koen
dresan19
fookthis
thejoebro64
instch
backwardsman
onelesshelper
liamviii
viussss
noahk03
kyle93bell
al_consigliere
kevsounds
campbellgeorge
josh2410
jordan_b_
gigirrdy
courtneyb
shabiraa
bilge
marielzzzz
slothtroyer
nightfalll
trentreznor
dayaonfilm
beludeces
nadwatches
enfantdusiecle
obligatory
jacolinemaes
crbrink
aromatasemebro
wraithape
axxstin
danamathis
landeeznuts
jinzo07
valentines
cyrus0702
liltsku99
milkbbi
gloriabeatty
frozeniifan2004
horrorandgamer
mook
jackasslvr07
rsolsjo
repeep
mrhorrorible
shapfilms
jacobmaxkelly
anarouuz
zanderwithaz_
sophiaplanos
fart971
themoviearchive
manilanight
belial_carboni
ibtisam_nafi
caseyaonso
dubiouslegacy
cultdean
jqde
wowitsolivia
vinnycenzo
prashprash
fwgintoki
edwardkelland
binaryfilm
rodlott
sbsiceland
deleedebiri
joshuadysart
haon55
super_n8
lilusions
chickennugget
inlanddernpire
loon1a
marys
lileli69
voidville
fatyoshi
nostalgics
thegirlfather
grifflightning
vickywoo
smtvash
putinaspliff
jewelm
isthatyou
missflo
jhenry24
rhodesmovie
kelcib32
maddxyyy14
shxnerusso
gregorkreyca
aarnwlsn
qwatches
jameskernaghan
daydreamfilms
ryan_connolly
dorysief
aeufo
scotthope
kaarlenberg
kathleengosling
viewsbyquinn
lunarwitchb
quark
filmrodolfo
willmoviefan97
thamoviedabber1
qrangerlina
dmartsfilm
gubarenko
haleysenften
electriclarynx
aleph_null
karst
jacobsaenger
hambo_slice
elia05
eersojyn
smacklesmores
gremlita
1andonlynabk
raimibaby
sophfp
winxius
mattmckenzie99
arnonpangan
bybowes
earnhardt
catus
rossdidntdoit
fabijan_
coreypierce
nightwing04
fieldmouse
supremelemon
jstream777
victordubyna
moviemind_2008
jamesdayton
dfgmz
hanloveshimbos
spookysarahsays
jozhster
almodovarism
lesserbohemian
jonadams
srpntspth
mehnazzsheriff
sammyjreacts
remy_detached
contracampo100
speederaserhead
dizzle_sizzle
lsharrer
fatdudeflicks
ykg
crisrosas
miketorchic
monsieurmattia
doyler29
kynewman
phxgaga
winsteadreviews
clairefoy
demygod
abbbyr0ad
adelaidegrace
diegowaffles
marialuisacctc
djlemo
davidlsims
fives
mondovideos
leodecapricorn
gracecabrera
therightopinion
aksually
austin
ultimateparker
jimmycthatsme
calverdos
andrews2
thesherminator
vanz_cinephile
dok
breannalee
alinafaulds
4viol
boat_bsk
akeller98
maria171
billryan
luk3w3bb
movieguyisme
cineurbe
d4rthskywalk3r
johnny2cellos
night_shift
danielzalez
cevansvip
paulsenior
brifilms
sbprime
nawal93
stardustries
timmyw
withcindy
esqueletosgays
shumps3
reservoirpogs
beegproductions
jameshealey
giathefreak
justjoshings
notviking
saint_hooligan
vhscreep
jacksonauxx
marcelthechamp
hellcat222
bleedingskull
bauti
personalhistory
leslieburke
ggnz
katewaterlife
john209
baronronan
howatdk
starryclaudia
furrylana
frontrowreview
brainlovesfilms
skythemovieguy
paraturtle
madmovienerd
the_bc
lucasmasilvaa
boxofficepoison
jitender
moviethot
drive2011
j__guerrero
seanmooremason
ore_f
lecharlton
leahmarilla
dave
spacetree88
mumbles
yowiescope
luchzie
kaiholland
mollysauce
lukerobertson95
boyega
angiercorleone
mothcub
gracespelman
realhumanbean4u
shrekfart
thiccjonas
mahmus
redberry74
helen_s
2wicebitten
bastitheend
petergecko
johnmckenzie88
naturebean
soupgeorg
jewbees12
sallydarr
matthias_812
suspiriaz
krovora
kwikfire
joejatcko
aliciabr
ditdot
pilot
cam864
hibiscus
vadalinxx
sicarrii
alpacinojpeg
the_summerman
akayacquaro
protolexus
whysofurious
filmheda
aliciadaphnex
femvp
heredicarrie
clearlymarco
mrmoviesrd
brianduffield
cartoonshi
snapper5
erikamayramos
vicinfilm
joaoaksnes
djhughes
piangero
hochstrasser
moviebuffgrant
screamerjim
avalynwu
slimeluca
rstrahs
oldboy871
filmscores
zibywiby
adrianam
rhi_the_tree
edwardasnl
simonpegg
jetsetyoungster
g0r3_c4tz
the_greek_geek
taurusvenus
lucasbigode
violetmahayla
tartanmovies
infantemmanus
trevorwang
xuntitledissues
miercolesdecine
annijaas
bigheat
russon92
oblivionflmclub
rbdonstar
hyckgae
joshmatthews
amandabw
coolkid01
soraxiss
poriisames
bobdesmonats
eagan94
camerontzky
hamishbrown17
emasasic
cianmulligan
fractio
lxepicz
jon3to
sammie6227
marnieking
lebowskidoo
grey_the_dot
vulcanvader
housesofwax
devinrkive
chris_coke
marinamay
madeofmal
denaebr
deathbolt
backstagebadger
pinkslimer
carter1331
josholobo
mcbiggus
adil12uu
fahrenuwu
veganluke
elazic
jbutts15
silverpunk
yozzy_bloke
iamsuhebkhan
bandsaboutmovie
aidany2k
mprs
gyllenhive
hmzacr
camdensq
emmaxb
samofthenight
overlyhonestmr
swayyamm
seenandnotseen
dedward
peterh20
cosmicfish14
nurrizqi
ziggystorstrand
alexhangman
realconnorroy
tom_soos32
jack_ramage
maiapog
mmmaree
pezespada
darkreif
pzng97
moonlight2016
lctaylor54
pudgymccabe
totalrektcall
cd1990
smilefromaveil
sadik_khan_
raoulgonzo
kev
abiancanello
achherrje
whorrorfilm
amanda_marie
danburden1138
mirandawhy
ktc
kaynemarler
zascmo
realjackattack
screeningnotes
miocce
gillianb
lukeponto
coolhandfluke
emammamia
hannajaeger
modish
lightwisdom
clockwatchers
kirstypotter
mbf231
detectivezinc
yui4
marcissus
girlfailure69
jackstobart
qmoviereviews
angiemoreno
cine_addict
tommysfilms06
alaynaviolet
jhbteam
a0dbxza
rotch
dalilapuddu
slavewire
chungkngexpress
cheeseheadfoamy
ricomcpato
comosedice
dustinvuong
aliciajasmine
amandathejedi
cinema_strikes
oscos
stibelova
daiinginside
thebadslandx
akcvtt
juniorcinema
mclara_09
benraimondo
duckman
asimpollard
justintheroux
carolynsadler
jaay1212
mortom
eddieredmayne
quebeck
bloodypancakes
gostodemiojo
jacob_ray
xotourllif3
horrorbrain
cecilselwyn
beverlybrittain
dhovanders
matheu
itskyle
firlyanofadly
kelseybradshaw
bcrosser
paradisewreck
imgay
ryback
michaelshannon
gilmoregiri
clatchley
blainlamotta
cusack
campbart
erickboulianne
jakeperretti
persianmonkey
jkreviews
le_zeeneaste
bryansudfield
cosmonautmarkie
jeremy_crabb
heavynissen
aaronh
heartshapedgirl
gingar
krautsalat
dirkogonada
bonezandall
goodpostreilly
nickyreviews
kevmovie31
kevin206
reaganjones26
raybradbruh
killianwicl
jonnegroni
jordansmith
trevinator
ynevaek
ziglet_mir
patrickpryor
reesedi
clarefranceso
yongene
chelsrose
tonitalksmovies
realjohngrace
vanfo
maxiemore
therealbsl
romansempire
deadliam087
whateverokay
stephenage
comrie
arroe
yellowtruck
adamnotsandler
biscutbuu666
leeannremiker
rubysfilms
thesinnohman
justwannaboogie
onderhond
joshisntfein
willor
shelbymllr
calvinlaw
dannyboyle
thomgrab
barbrastreistan
anhonestmess
easonbasil
japanleaders
propgandapanda
jbouie
stottiain
befford
rjphoenlx
5haynuh
oh_dae_su
kattrout
reibureibu
cjprobst83
roxlin
princesssleia
undergroundman
aleahotoole
filmtoppings
nani747
evanac
james03
sirjalen
alchimi4
theseifzone
tectactoe
shivanshk
paradoxdl
padraigb
hinchadeshrek
eyesocketcrunch
ashleepradella
diegopacker07
nerdsoupaaron
iamthatroby
annagrajales
eyvor
coreyatad
yorgoslanthimos
oleonardoamorim
katejeffrie
jaen9809
likeaglock
almostaghost
mikestuhlman
apitt20
liamfilmreviews
devilmaycry5
bogart_md
dorseyhorsey
filmnotesnw
tuosma
tbouwh
jakubflasz
lukesreviews
fawkins
codymonster91
quantumpotpie
movie556
sonnybunch
bdonn
chloemizanin
datzeldagirl
sweattarts
miguel_marias
ale_x
aobh
deepbluefunk
moriaunofficial
ba7k00n5
yazzjames
joshypoo74
hunt4spook
fuforthought
posnrg
lcosgrove
aidankelleher
belsf
nikole_eva
dog_in_a_boat
buscemisgrl
razorrex
peacefulstoner
sylvainl
thenasophiliac
dillamonster
simonramshaw
mrsneakyman
kyrstene
servus_man
larevolverperez
jewbo23
cameronkanachki
benjaminpete
benschaub
brotherdeacon
kwight01
gabbyrose
edward_darko
laviniasousa
miguelfranco
miau
miaebaker
vbally28
jaimemcd
arushibhaskar
walid66
highlife
neelxm
furnas
eclectic_em
benmatthewempey
tcvs
andylevy
criciumago
jacob_merced
kbjamie
jackwakelin
mothp1lls
kiahz5781
bkkirby
sobczyk
bobbby
nopersonality
nothing7
peeira
soumya_98
davechen
yloveeverything
chicofireman
entlauber
mamasgeeky
cwelynn
rta
melissa90s
diegobatlle
annodomini
lutanhojef
ciud
emiliorg
mindingthegap
lecook
xizz
thejohnnybrando
reedagd
rafaelhsl
jordanmbking
trey_northcutt
the_great_owl
followtheblind
stellaperry
deadmeatjames
dannywalter4
parkerblake
meggie19
pheebs14
zolidus
pynechone
travis_k
xraybutton
clrzxx
hannahwho
rowland_de_boys
ethsnhawke
jubbls
alejaaa
nouvellevarda
raphinas
shao_liu_ringon
niallhassett
brandonlikes
cobracmr4
deepspace9mm
phqntomthrd
paperbackspugs
screami
haiduc
hatercles
miguelsmr
joshnation
benjigotfried
the_blacklodge
rachelbea
darksoulsnpc
hollymurney
elnapalmo
traverage
hotgirlfilm
mondodigital
alexanderh
nonofranco
wilsonlai
cinemaphil
laurenbourke
justin_peterson
brashbelle
huntercooper
irym
chrisfuentes24
ct_sexybeast
ahmed_bassiouny
wike_mazowski
dholford
patriksandberg
misstayleigh
letmeexplain
plifal
feedingbrett
wizardchurch
isvi_adoniram
gniola
michaelgonzalez
interstxllar_
kyjohnz
mojohill22
swtlj
rendyjones
itsnacool
isaacezban
forelavy
cgrunyon
puloh
lchiasson
yeliab15
uncutgems
tinarchv
trbr1tt
cinemacide
inherentlyviced
dylantroesken
wyattduncan
markmooney
nerdzola
jakie_jake
marieberd
jshi
streep
eleveh
herman2181
kerrymaxwell
bradenritter
digestedsilver
tommysyk
lolarivera
tmaloa
jasoncawood
douglasbarbosz
gina16
adrianascarpin
lukewilliams
countkalcula
eyebrowcinema
i_z
soulcalibur
mollyxmacabre
sean_chavel
thejacko
r0siecurrie
slaygoodman
nerdkultur
brodiesfilmkrit
dz1ga
extremebelg
jqsontodds
calamityhey
moonduszt
juanxd
sweetdecay
screamussy
rebeccajohnsonx
sabrinazaylaa
lars167
bjorksapple
tomc1234
filmstarts
miawaiiace
rodstar
smarmyjerkface
jackheavin
hakaninkosesi
lovecillianpook
moviemankev
perk1234
nelson48
volver
nibiru_truth
csb_de
vontrapp
griffschiller
dawsonejoyce
philipparose
jeremyheilman
phantasmes
luiz_lara99
premoh
nightnessx
omyrtue
danieljohnson
tramorria
horrorlesbo
rdaniel55
youhoo
director525
feminaridens24
strauss
andrewfm1987
zoeblacklock
seatricebebby
gabethedude
rheeses_puffs
nmerrell
nicklindaman
jeannemoreau
kalosianlitten
marianadasnoia
guilhermej
clapperboards
brendanross
colerbacky
jeremiah425
stevenmillan
tjahjantos
soberslap
greencharlie
filmsrcool
vincentknight
jamiejirak
accordiontomato
honeybboyy
babyandthebees
jvince
silvershamroock
pileofcrowns
elementarii
damdaaamm
floorkarpeting
prncetongrl
cars_2enjoyer
spicyboyivy
larinho
criticall
steventhomas
remobo
forest7980
liammmmm
girlactress
mad_hende
nicksflickpicks
connorcarey
hammerbros94
socialanigirl
damribeiro
ksenijab
millo
lizzie03
austinelkins
livvysavs
greg_wood
icemav
justinturner
yeshomo
grace260
adam75
fint
sophy
henryhday
daisoujou
anyaxthomas1
kiko
raza9090
reborivera
enyakeco
nickmillermusic
daalvinflang
jihanebousfiha
donnieddarko
donnie
joeysusername
desvenster
smallclone
nachtwaechter
jennyleighx33
kevin_robbins
toontalks
iovewitch
jb_15
kaiyashunyata
cillemouze
bigjacker
twincinema
daffakhmad
bertz
eli_hauser
adcmiral
harvtalksmovies
than
d_rcy
amundsens
gaymafia
caityperrie
joshuabriond
prezoh
martinrj
edenburke
artcc
amara_s
tydunn01
crawleyjn
officialpippin
bloodbubb1e
suspirium
diogoserafim
leonorathelion
hobbit_guy
anythingplusmor
zcoleman46
greylovesfilm
magneto
pxscxl
emilybabyy
barfingcat
reesepd
batman_lover
doomblazer
willwill
catonfilm
aa_ron_
stephmazza
ghostscript
zackcunningham
drrobuttnik
capegod
liiy
peterstanley
_gellious
zaydentomson
rogerdeakinsdp
shookone
kmichelle
karaa
thly
arianahartz
connoreatspants
annanappi
crunchcookie
yorel1976
darrencb
cinemalanguage
dr_strangelove
lengthybread
salinui
antonrizky
tspearing
jordanjwoodson
danihellame
davidcg
anmarb
paustianmovies
olevar
simon_pomtree
mrurin
jjbrygs33
skyep19
cinemaniax
taylorfilmguy
gaboreilly
olivercantfail
kambole
kphipps3000
lukelivermore
tamarapvz
iheartsnails
itloulou
tedlogan
querelle
threepenny
jabberwockyings
shrimpheaven
letsscarejessi
oranginay
icebear
sanjunipero
elembee777
bhargav300
poisntvz
starrysunflower
kstroom
fakevoorhees
leighwhannell
jbayley
chrisls
lola_bli
danielcrooke
marcelomiranda
walktheearth
lanelovesmovies
afterzsuns
zillman
ghostsmut
jorgesjr
therealmattc
flyawayhome
deckk
tommymb98
hankofjuly
mrsinemax
staarpress
cogerson
everettthemovie
sam_kyker
mathias69
jerstonfilm
jirehngl
etoad75
thiriddh
elliebean
kenneldistrict
wobbleup
tomcapper
dankwit
kjcasey
julianarchy
theninthheart
avatar2009fan
dm05
wenger
nocturna_
therealmcavoy
dragon_needles
tasharobinson
gasaimags
carygrants
jaragon23
sexualjumanji
dvdboxset
danversbf
haileypassmore
lucidforest
punkarsonist
anoop_exe
audreys77
t800
tripeazy96
ghettomusick
anotherdayofsvn
arbitraryname
leslies_cute_
cigarettes
vizzzy
noahdivincenzo
slicesofcake
gilliangrace
robobalboa
bryceburk
p0pm1st
parkergehring
thorkell
tallboythinlegs
clarajarl
julian142
ctplante
joshuatitan
malachite
no_joy_division
bobbywags
leowillem
awesomemay16
shiqin00
bethanylola
folksuspiriorum
thatcvnt
sarahgriffith
babydriverreal
gleek
filmbrosmustdie
matthew1977
superdarktimes
gandyfitch
memesyagever
deathproof
miniike
tiago_costa
romtabs
effybad
foggy
usmanmirza
dalmesz91
mjohnson18
emmalovesfilm
swaghili123
cocoapowder
jerome1994
caidenward
sprungbok
gravesends
artistisdead
wzrdgrl
jeremiahholt
natb294
jakeperalta
margotrobble
annreinking
horrorkills
alonsodvt
caroo
victorhcrusso
hectorx
jmoreau
popofett
aarkush
14ltobias
zeroena
jordankaminski
cuqui
michaelbrhoa
kelaina
shannaraclara
erinbacon
chasereinoehl
gwendolineg
mikbanerjee
urinternetmom
powwow
jsignore
bye
washusha
buckaroobanzai_
victorbonnefoy
finchet
snowbit
notjro
stonepa
nancilwt
cineanalyst
ronjasandra
bongjoonho
ericallenhatch
lucasmccarthy
willas
savannalarge
erikasdumb
jmfilms123
paulscheer
melissahdz
lovelynight
sean_cordy
remsholland
mumblecorgi
joaofr
nicknotnolte
soumajit
colinstyle
vadekawa
motherindias
stumbleandfall
dorothybox
psychopike
royan
raveness
lyvie
gabrielgodard
braydenshea
michaelpdf
hiimnotmaverick
freelunch
moviequeenz
paclouden
jesewehave2cook
yo_roboto
julianafoster
shospiria
lizzyfrockwell
anabolic_alex
varghese_no1
fifeco
mxjoan
shutupnabeel
vergilgunroy11
plagudocta
baileyparkinson
mohamedgbeshir
enzo_santos
dionwyn
thomas_007
cadewhitt
noahgittell
fizzlikesmovies
virginfinalgirl
tylandis
chantaldykerman
madmann14
baudellaire
wallflowerist
damsavies
bguffalo
britafox
brandanlsilcox
rustyboi1985
sirchill
kylebumpers
fliptrotsky
hsamovies
beeragon
jammez
juststopyt
cholzmann
ninetiesluvr
ronnycammareri
grantsfilms
seven7
vasanthan
grmwndr
viintagefilm
presciient
amygdalaz
chimpus3000
theschad
cami123
danidanadinha
hotdonkeybear
jrkeating
ills
luckydoll
meyoan
aford
cutehashbrown
alanis
birdgrandma
steele98
d6nzter
emilystjams
ltgruber
thebefore
tainah
lucyalicewhit
meg_hain
jlodeserved2win
civilswar
empatters2
syvology
fmaf
mermaiddork
mitologia
goin2themoovies
parakerman
film_sammlung
cursegoat
suvranilsinghac
hail_freyr
thephthailer
william_myers
belledejour
biscoito18
deadpoetsociety
woolbastard
hollywoodsdead
clutchcinema
rafifns
jay
moscomovieclub
samanthagburek
colinburgess
freazypeach
theshinings
dianyugen
gentryaustin
moviemaestro
aarondicer
cohenschmoen
lexnovak7
steph_h
erspamer_matt
clairacurtis
sagegreendreams
superargo75
ellakemp
elisavetkei
hotdad23
batz
cediii
anndreaaorozco
brianwcollins
njkinnersly
sp00kylukey
mikeryan
ezracubero
juliacudney
bbeksinski
ethan_pitcher66
m_penalosa
solitaryparade
kally33
doinkdedoink
whymark
blaineward
dodi_
bencoys
hymnifajriaji
teenagebabyrage
monocle
pacificnil
namie
sha11owgrave
gustinfilmz
cherbourrg
themediadiorama
phantomluna
diaanatejadaaa
lukassml
anerdforyou
d1rected_by__nb
heartofgold
mrmajortom
juano2000
binkydork
janinexnash
slasherluvr
mikeyb98
chorake
owenpatnaude
gambitswift
cern1710
frozen2013
jk
boxhamster
alisonchains
danny
marktinta73
raisorblade
maceyreid
brettandjb
jeezelouise
oliviathebi
blu_ray33
akirastar
drew_casling
girlsgutsgiallo
therealfella
dancruse
postysdaughter
jwm107
vascomunoz
radskater382
arbogast1960
fares1992
playforforever
brazybenjamin
dan_epler
moviemattmovie
hustlerss
chris9931
jay_c
harryswanny
davidfinchher
rahulmenon
gracesimone
ashypinx
jjbjr
paulswhtn
haydenwelch
himartinson
roykewnt
gabbwoo
klaasvaak333
reservoirdvgs
doctorsleepy
bullseyest
roberteacuna
based
sonnywortzikk
kortethegoat
coneyiisland
ceyceyx
furkan1501
elsergiomunoz
motionpcture
mousterpiece
ctparker98
sethsreviews
jake_ziegler
vycevictus
artthur
world_princess
franhoepfner
siena_brown
squirrelburger
marysungonz
nickmcc2
sierrdevil
ralfmakesmovies
diegocoya
furyroad
desmondthorne
tculturevulture
erich4chi
mattblake21
yasmeenfletcher
rosariodawson
zrshelton
paintmytrust
dahans
ryanbingham
eddiebergman
hadyboo
bruce_tetsuya
ingridgoeswest
danadanger
leonardorenan
babu_frik
snperthing
warhawk
elsnoteleven
velvetchateau
lohmi
hawkshaun
madisynp
walypala
heythisisjames
lewis666
julietburke
ryanbordow
alimovieguy726
zackpeters_
jazorozco
_camille_
moements
tomcissa
adam_davie
baz_
closerlookmedia
kevflixandchill
alan1
thepieperreview
sharathsriv
j7nna
newtsfilms_
melodramafilms
akimenzies
blakemower
mihirnanda
chole99
puffyjacket
gui_pires
johnbenjamin
krislovesmovies
russman
cqley
chadsabourin
evilbjork
gretgerwig
mikeboffardi
elduderino81
blade57
lucaslanni
salty_
theblogosfear
jerpsberps
jimmyoc
nocopzone
olivierassayas
johannesbenz
mraustinmk
sexygosling
carriec
gregorywkent
hourtohcur
lukethorne94
declanmario
ldc
ang3lic
mars_logs
encox
mancarrying
maribrown
cobbb
mightymothra
hamburgersplash
teamboby
mreaney
averankin
sapphicslasher
hystoriq
linaoutofspace
lauren_brodauf
pascalpedro
ethanscalione
itszaeok
oxfordcomma
keatonmerrell
karenhan
incensevil
seamus_malek
bmerry
mollyy
clariassp_
carrie_page
jessmcgrath
emmanuelmontage
noah_biondi
megshields
zachk
kyloz
soyunapringada_
josiahmorgan11
johnnypomatto
oob
rollatini
alexil
anjyfox
sataninatutu
shritan
moviaddict101
denduffy
tw_films
mymoviereviews
haileypry
beamercineast
colinandrews
counselor
kissthem4me
simianjimmy
j_overstreet
michelcvg
artwithin
alicecharles
tylerdoiron
xavrodz
vertski
renkls
unfcktheworld
mrtnspckr
cambobam
catsincrates
rickdeckard
joethemovieman
marcvnvra
syrena
tomripleys
mels44
menzayd
ronmackpdx
anyatayjoy
nahuelreinoso
rickd
naomikawasevevo
thefilmcave
neuroprismatic
anewhope
zaragwen
starr
rafaelsalles
enteredthevoid
carolinesfarts
childrenofmen
mandojoe
filmento
007filmreviwer
colintroy
missannnthrope
joyconboyz4eva
shawn_stubbs
officialufos
jxmes
xebeche
juanpa_brenis
freyainthcities
eggchoke
scotttobias
thereelbits
nalbis
emhro
jaked214
shesuspiria
brianformo
thoseeyebrows
daveweigel
jennifervega
melonb
meteorrejector
taz
lobster20000
dumbassluis
luciaspiazzi
lecterizm
halloweenhenry
heres_jonni
aleechaye
amyad4ms
theaintrightss
kayky
cinemateq
adeswaan
nancyaaa
msmlroberts
jules_thurlow
seriouscrisis
ridethereels
dannyboyff
cgstwotwo
wiseaulover
spudicus
mattcrosby
jgyllenhaal
amerrit
thewanderinsoul
marzbar5
barryegan2002
brandongomez
jaysonbuford
courtthecat
dynamitefilms
wildexr
quasidingo
woahitsjuanito
denielemein
fathermucker
matt_thomas10
lovelltrin
foggyfeather
mrjago
nyloraced
ksnicket
termlesstooth
oliviabloom
marcossandrada
flatescargots
taoa
bader000
hydratedshrimp
ethanbrant
12angryevelyns
mckenziewilkes
jenniferv
thediegoandaluz
jowynn
fifolet88
purpleanna
theconnor
cormacmcnamee
honorszombie
matt_samahl
katiewalshstx
marioalegre
leschroeck
redflavor
cinema_snobb
maedayz
qlxke
dkmarzipan
dancindan
thedude27
dreyuhsanchez
tylerharris
colbysanders67
mattmahogany
paulduane
thejslewis
nxkoletta
reinier_zouw
samkohn
deaineira
schlockvalue
etolkin
cilliansheart
justindecloux
jepelz26
nuno09
dakotanoot
jun_kimmy
jacquesdoran
renan1999
tquill
erynyes
bitchvibrations
bobbyfinger
dbc
kyberculture
fatalcfilm
se13an
khalessihannah
sourbeak
flofilms
daveyjenkins
realitybites
dissolvedpet
fourhead
efw
anne_ly
kennedylizrose
allinenvyy
jordrice
mrtomatoma
bilderrahmen
xmad_lukex
daredevllls
garfussys
thatoddchica
rnyzlfc
mysteriis666
orfeas
herzogjake
kurstboy
silentjoe13
vuhlandes
thekingleleo
eunicorn
adrianmoviez
truong78
noracharles1934
paulyswhore
jaxjax
shamtilly
yojrb
prisciila
flanmovieman
wonderhall
heirofslytherin
christianbales
redsox2142
ethann03
kmadden80
coiinfarrell
danote
nbfnicholas
irathethird
anniewoj
rhg
jackbool96
brandimoon
sknnysoul
uncoolcat
r_santana2024
deaditegaz92
cdwalter226
sophhols
peterpib2
clarabreen
chris_tellez
criticalme
dspeegle
randa_zein
christadolores
_imjustken_
emanuelbulija
cesargutierrez
nightowlwinslow
ladydakota
sammmbennett
newarchive
cockpitful
thethirdhan
ckentelmann
brandocritic
brunamofu
thesparkknight
ethanves
presslie
theonlyoneram_
jaycgallagher
dcnnasheridan
ladyl
clockworkking
filmsathome
gabriel_afp
moss
stk5
bergmanenjoyer
anontee
laser_reviews
schaffrillas
royal_horror
julidavila
arjunrajput
twincoves
wynb
jeremysmiles
eltomi
annamckenzie
isvbella
buttnugget
drippytim69
milez
gorybmovie
almastromstedt
vangoth
bkreceve
annanomaly
nofac3
cinemaconsumer
ratgirldingus
genyasapphic
zombaid
jacobknight
moviefestoffic
jstoobs
luca2020
jarodzsz
twocineasts
tararua
shanege
muuurrpphy
agadorspartacus
perfectpurple
jshoez
darkstar82
solenn2n
canalizo
hereditary
mattybsaps
ingleside
mandelbroset
samannotsanam
baggins
andrewpope
siccarrria
m00nstruck
mulaney
troyoboyo17
nonamelegend
toombstoned
emily5000
aboutlalalala
sprizzle
gonewolf
steven_yawn
taylormars
ryangosling
kitnotmarlowe
rfn0509
whitneydare
ta11_headca5e
mescalverse
fake_shemp
ninjalexia
incubrooks
owenlarkin
jdtheprezodent
cinecinzia
thejoshl
moresbi
captaincorrigan
sekuliic
fantasticmrjeff
tanay5
mayhemkvlt
urv
netscapenegro
kevintporter
iblairwaldorf
cornobble
waltz3
lauraism
aileendruiz
reyskywalkor
chungkingexp_
kravitz
markcira
faretheewell
steelatoms
teejteejteej
mitchell
jimmyutah
cyman
dancemom
saraaaaahh
paige_wideman
yowx
heartsfortaylor
b4ileymoore
meadforddude
wolfmschmitt
alamledp
_ketchup_
draymoney
themidnightclub
yckmd_
felipevh
erf45
ghcstfilms
howiemunson
systembroke
katrinambarnett
atomicant
jacobtsuggs
joeyg0nzalez
kinggroin
nickisnotgreen
indiasfilms
scallopjoh
mattheweg
misterpatches
trevorhenderson
pt99
insignificance
staceyb
ej_paras
thepinheiro_
sarahabob
ladunhill
caleb_yells
cahsper
sheagallagher
adamrooney
clauderoc
zach_nabors
meantime
horrorsage
zegan
philosopherouge
theburningclem
mollygunn
dorkswalmart
drucilla
tutx
4starandy
emmaxpri
rauldl2002
bethanellen
cameronkozak
mnkway
boasberg
mrpeanutbuttter
anotheround
laniepm
movie_mike96
danranza
edatlin
evansolo
avinod_
ponbac
sonomanstereo
britschud
hediland
krodgers101
aaronabrams95
foofdeckman
afterlara
yoursam
sofiaboutellas
thomasmccallum
kadino
direktionz
existentialjeny
killjoyandproud
dublincore
justinsalright
danzelvaughn
kurdt
laurenwilliams
lise
a3robix
jaymarquez
ttsquared77
theendofcinema
concertjunkie
after_credits
ahbr
immortan_scott
homel_ander
moviemicah
princessleia
coucouerika
nevermore1985
robbthemoth
mollylaich
gwenstone
tobehonest
cynicalcenobite
eternalitytan
edgard713
j0march
elizaez
danitovar
schneeschatten
brandyrtorres
insessionfilm
jhuang98
gabttap
matthew
brookeburns
swlt
clowchan
coralinejones
chelycola
evfrom5to7
lauraprepon
zero_complaints
blairrussell
cinebro
graceowen
jarrettduncan
rippyreviews
kyania43
hugefilmguy
gaiatauz
mody98
darkologie
reservdogs
localhero_
zachsilberberg
laurelvy
mr_like
kevintarazi
wiccaburr
jordanbrooks
mayawacko
tryavna
kylanb
matthewnoble
matrixs
juliannemooore
igornolascorm
astardoc
vincentjello
niceguys
jellebabz
stevententacion
worldwideweb
mattheuswc
osvacine
drewblack
michaelcollado
hottoiletwater
marshlandz
theriverjordan
chrisjrosen
fcbarcelona
rids4movies
tyom
bartonkimball
calebvilla
novideozone
dancedancedance
jupinwhm
synemastehsia
emilygrafton
seth89
scribblingman
geyeh
sombraeletrica
animatedantic
nhspencer
k1llingfilms
russellgoldman
msicism
barendd
flynnslicker
yoonaology
mslola
lackofluster
tj237
miarruss
michaelj
kemperfilmshack
filmsunstuck
tarobabie
tentaclatron
classfight
nickwt
anxietyistyping
ascaryghost
hypebeastdd
voyage1969
dexter82
josethewitch
brandonwardell
imthechillalex
cvall96
jack138
jackb0xd
teenrxcket
mondocinema
tomifenili
mollyscult
hectorportillo
vahni7
obliviousjake
meggamino
jjdotbiz
glimmerman96
discofinalgirl
ironwatcher
dreamscape40
cinefan27
voidember
suspirianknight
theportman
everglowingsx
gayhepburn
mahvericks
madison_surrett
bekahkk
bbergman11
kaisersoze
linusmxx
florences_oscar
1brokegirl
klaaargh
nannicobretti
bjo_bro007
jay96
realbenchoate
mariamicia13
josh_beck
lostinstyle
mailboss
bpspurs
kay_el
locarbmonster
grimkujow
troythrace
joekohle
auteurtheory
jchastain
richardgallon
rclandon
veryfriendly
fgdalmeida
melocoprotopia
m__ollymac
magrosleau
etofilmsusa
afol
matthewcutchen
steve_moyle
thelovedwitch
alphonse0
jacobmazur
mythicalkelbeo
marceloparedes
kegs50
parasites
ashonfilm
happytoheather
babyhaim
totallynotmd3
princessblood
gwarren
bethanymaic
umbrel
filmsvader
cinemamonamour
blitzin_films
rpeters
omalleyg
macreadysbighat
andrerseits
jimmyvon789
elijah_quinn
mattstrohl99
kiyxni
camimovies
michael_elliott
drewgregory
dodgyboffin
gabrielcr
tardedeperros
filmfan1971
horrornoar
vonnyalex
vrizov
woodsro
seanburdett
dialnfornick
jagdishsingh
chaza_
radciiffe
bjstreu513
ajasmine
pablovillaca
punq
oscarisaacsgf
cernanmari
svalbard
machwan
gonegirls
sandwichloaf
cineflek
brynnhelena
juliareviewsqc
madhukar
manilazic
warpp
blacktusjack
hz
declan95
txmnxwton
aleheez
cherryz
chris_trengove
beanfilmreview
luis_989
musain
itstune
lycru
lucyblagg
mikesmic
fanboymario
steak_chalupa
cbarky79
madrianpl
hellsdaydream
thelybrarian
liviancatarine
zollywood
abbietomlinn
pjenkins
https_lilac
carterguy
marijavidak
dvideostor
mrmichaeldjones
superrelax
ichmeinjogi
zachjcarter
fizasdiary
royalewitcheese
tarantulini
brettvargo
ioganierman
themyrka
betchjs
mcwinny22
ivandelanave
alexkingstons
filmtasticmrcox
pablitopopcorn
terencedavies
maggieofthetown
benaffleck
coles84
simplecinema
estheronfilm
open_wound
jessiebuckley
ratism
anqelika
hoznei
khoi97
tidalboy
alex333
jackwill
claudiomelo
prof_ratigan
tompines
calipat
mr_dulac
morganmartin
lawrencetalbot
shutupmikeginn
jigsawpilled
amandacovre
filmcrithulkfr
zoelovesfilm
nickyd
gabsteincian
josiahcoops
tarantinole
godthedodo
egonismyhomeboy
doc_white
emiliaaa
dnben32
owen2613
crich
perritocinefilo
kinggabby
evilstyless
kyleamato
samanthahadara
chloevc
feelingchris
monsoonchowder
spotlessfilms
mirandahobbes
zombfart
offensivename
owene73
aussieguy82
rubenqk
duscher
kaybeey
radleyblaise
headfallsoff
hakeemp
belrodrigues
timcop
wesleystenzel
lukestarkey
phntmthrd
jimmyc8
mvlhollanddrive
hmayersohn
gabbybrasseaux
shawroot
dolans
praleigh
marckg
sebel
marciosallem
cityofstarrs
asfv2002
alyosaj
cheddarpopcorn
man5star
madskv
alexroy656
delizzie
dselwyns
holyground
marta4
thecomedian
oljack_burton
galpalkirk
leesahsea
meglw
hevige
chrisfhd
russo12345
renbuckman
nickusen
mxddie_b
zoerosebryant
wallywood
_thedudeabides_
alannah56
brendanfklein
cantinaband
anyatrikha
kurtis_conner
scarletpascal
dave_goleb
lesbiangay
jumpy
jacfer
menonfilm
hooviesmovies
choso
ferrygodgo
jemreviews
avavstheworld
cinemaexcelsior
jfrankensteiner
exultingly
velvetrevolv3r6
nosferretu
itchycoil
brendanrr
eyes_bleeding_9
asilversnake
lu_gonzo
thejonathansim
ttmmoonneeyy
mstewart9753
rachel_remeny
amyhensarling
noelmellor
silentdawn
bogs02
nolacola
glenndunks
martinisheen
togekiss
aedison
sergioalpendre
julesc0re
rachels
nevertooearlymp
wafelweena
bethbecomesher
bennhorror
dreki
emergencyhugs
anthonyandfilm
danielle41515
badboy_ap
ellarhodes
amoseduard
cultureshocker
ilovekenrussell
winterislucky
billyarundell
jofess
matheusfiore
lesaladino
sandworms
wampeter57
parkerkav03
lars0nnn_
schizopolis23
jacquelinefilms
generalkenobi25
vince_dimeglio
subbyenbywitch
mildredsfierce
ryan_sutton
advillavigne
filmmomatic
onetuffpuff
earthstaylor
danakin85
farriercollins
lamphead
the_undertaker
vadimbogdanov
lbtest
kristenswiig
johnbizub_1004
callisto
joerumrill
djdoublem3
briancly
mayaharondror
realhorrorshow
flanaganfilm
uhbecca
haikureviews
kunga
realdadbutt
colinmclaughlin
alexiswilson
larsaddams
ollyswift
lorenzog99
bengrayeyard
madzwurld
calvinkemph
meagan
sam_an
quantegy
itssofyann
juliadb
cinemonika
rushe
barnloaf
jackknightley
terminall
geneparmesan
armsofeternity
breramjit
masongraves_
driftking
shorts
aegxpredator
remolano
bladedrunner
haris4pf
zoewiththedots
hayal12
josucantu
hartynextdoor
abbigailjuniper
fasa96
pkapoor97
vincentprince
lwolivan7
ghosteron
ouliana
scottrenshaw
tootyfukinfruty
fruitfairy
rian_prittipaul
kiaraaa
skidmark
wengel
masuddevilliers
childofmarxcola
astoehr
ellefnning
toombsinator
8osfilms
sushifern
pe_testa
p00p
beniciodeltoro
chrisvfeil
dankmccoy
brthrash
hauteprincesses
damooney
guhbonin
fishermanjohn
boyerased
thebradenshow
atriptopluto
brumder
plaidflannel
impressionblend
alexisbledel
ysndotcom
cbmroyale
jonnydogs
sergegainsbourg
sidinho
exeedra
thestarwarrior
georgecarmi
kidnike
praying
000_leo
lexiamoriello
fantic
melvillmatic
melis_
elsfms
namelessvero
pinheadlarry145
9413
joshtenet
bobinkafa
mqragp
tonytost
isaekii
cbu2029
zaelx
xiuxiuxiuxiu
exorcismemily
madmaxine75
givenchy
taaptee
houch
wolfsothern
meggss
gomey
sixela
ptacekethx
virenmaru
yuqxn
jgriffs
arkhamoutlaw10
chalametbale
clastifer
kevin_matthews
ltopomcfly
hyperdude125
yijian
phillyfilmfan
cursedtails
michaelhutchins
camipolit
beffrsunset
the_rock
evildyke
adrielle19
brahski
graysona
joakocritica
loxliki05
wizzywill
c05m1c57r4n63r
luizinhofobic
vihan
heathcliff
michellenia
przewalskihorse
adrian80s
kylecarragher
tlmylm
lmr
thefavouritw
jboehle90
acbrew
kpitman
csmoore221
zyopy
katierife
sorry_internet
brandonulrich
ferenczy
zachtr
shawn_bu
bartonfinked
kasarin
evanambrose
frankdarko
chasemit
elcochran90
amadeus19
billyjarrett
jeremy_campbell
danielleloucamp
themoviepussy
sanjeet_singh
mpatten_2000
_ruckerish
scrumblebunny
randy2themax
grooveman
rosamundpike
ssssh
livindead
danlyvideo
tobe_whooper
nycsubwayrat
stephenbush
dogstarwoman
devpatei
britthates
angelicajade
doudoubelisle
a_mac1992
thewars
lqvstra
shelbyboring
maura_pop
elrickane
dorzaby
ma3stro
noraephron
sophiedarcy
willhollis
kebgirl7
tanadelrey
elliereviews
obistrike25
coolhandmax
airwreckuh
sirvived
brendanmichaels
funeman_
nonewillmourn
evermorefiims
evan_asian97
redappleciggy
kratositaly
goongala
thisisharvi
ducournau
davidraider88
kmeeks
connorfranta
selinakyle777
charlotterobert
vhsvvitch
kaloween
yandico
citizenhal
keenan_mt
peterjquill
mishabeattie
rom0618
finchsam
sir_tone
rosetintmyworld
deathrecords
shirss
filmsbi
kcjoe80
doctorfell
juliendonkeyboi
chriscarr1
robertshupe
daveshane
rybrentmannftw
philbertdy
theresebelivets
nikhil1004
themanofsteel
theoneheathbar
grcem
downonallmyluck
peepeepoopoo234
hotsake
abriss
miovies
rossjem
kylerjames
realrzn
barbiechlmt
darth_erogenous
robmcquack
ashursey
udokier
mjthornton
milfcinema
laurenandrews
analovesfiilm
samistoked
wistfulg
guyzo997
amel_s
cpizzignacco
alen99
abishey
ventura_blvd
cineaccess
mayofrommars
coreywagstaff
whipstaff_manor
blankments
pennisdelmar
mr_spork
michealscarn
ummagumma
bulgerpaul
joeybouzek
am1234
bradleyjdixon
michaelhaneke
jackleftonread
nansbroch
truman
ji_doctor
souadmohamed9
afflecks
mrmomeni
timozinho
rkesselman
samwnchester
kacman11
garfie1d
tydedermody
geeman81
thedayofthedot
frankritz
maxroux
filmfreek25
tylekurner
dratiko
deansbeans
paulnewman
juggernaut323
juulialim
gy1leenhaal
drewrushline
jizzmonkey
whoischarlotte
acervofilmico
immigrantfilm
mc1383
pastanoodl
jdavidconner
leemkuil
pateduncan
frogsfalling
groovygoose
leonbrill
hudsonrocks
thomasflight
geej
mjroberts97
codypphoto
corrythemisfit
manosmagic
kjones77
worsethan
filmsliterati
babylonian
darrenfx
benjebaggins
donix
onelastscare
coffeevirus
thesamuelbeez
youssanein
dhafer
catelyn
xarnis
aadowd
liilyann
pymparticles
krisbartos
quint75
jotyco
kimpii
nicknaney
y2kdepp
peterparker15
danpy
kindamainstream
treybreen213
florianaa
kynky
sophieshin
ethan_mateo
jehorowitz
nyxfears
daisesinautumn
vitaminc1
danisstillalive
penraptured
kay_mac
rileyromero
raeonthecrayon
fpsryan
thejoelynch
bigjonbowski
tyleranyways
peytonjb
toadgaminggomar
eddiewho
schlockhorror
beckydarke
abovemegan
avesblanca
nicholasa113
funkyez
oswarren
nicoleackman16
mattgrist
chek0v
discodarling
bottomsmovie
v9733xa
goldenblue8
audipenny
oliviermiras
janaefilms
saxonmitchell
ianjonas
kevinwimar
kinkydebeer
garrettmcdowell
sehnzeleid
fuchsiadyke
_emilia_
connordenney
oneaprilday
cvrmenita
tsel
danboyle86
filmexpress
isavvel
tburnett217
astro_
karmanoodle
ben_roberts
ghostsarereal
mardarrius
emmariguana
herb_gallow
jrwhite
yeats__
jckdvnprt
aribuch
kylemiller_10
quinniq
apocalypsenow
thejosiemarie
drewmcweeny
jamespotter_
kinomitpino
karac
fleuelle
wascarbrough
moviecomicjnky
idkclau
headhunter666
trevormatteson
snarlingapollo
tylertompkins
sarajean
buffedfilmbuff
itsbilbo
leonceuncut
memcou
wesandrson
6c6a6
mario_melendez
gentlemanboozer
skipper_schutt
tenzinsia
hashtagsteven
wexlers
sardonicastunof
cameronh
cynicofcinema
diemylove
criminalplaza
cinemamortal
dpatt
hanxine
zedonfilm
legoman75
nickbruno
cadentomyhazel
dionslater
sandyhonig
wallace007
seriouspain
staygld
tina_docx
dialmformar
dustin_b
moxygen
brunoy791
casketface
ashwindev
velcreiro
brian_salisbury
danhobson_
cjwalsh27
hoffbeast
amidalas
darboleda
cinematicreel
gorelesbian
eric_peartree
sorayaspaghetti
francesmeh
adamsmovies
guy_mont
myname_isrobby
juliec
randireckless
izzyetc
dariozagreb
spookybean
allisoncm
harlequinade
mosdeaf
joekeland
bradfhenderson
kjdson
thiago85
mrstonks
augieinspace
elizabethgrants
bellecotters
hamburgerpimp
agperson
sartoriallyinc
justmejas
edwayne
noahbmaniac
ajhan
soundturnedlow
tdyoakum
chylerleigh
imoviemike
obviouslyjulian
erinhannah
maliikfranklin
garfofgalaxy
alexsylvian
billyshears1965
mackpruden
reurnedvidotaps
ifeeltime
blackswannss
tajlv
serenditpity
heyitsvasili
drstrange110
lucyskeet
remote
annikash
niqea
steveholt
ourfuriosa
blakepatterson
nickypanebianco
rorywael
mark_asch
davidjams
robotcookie
lemom
loomis5678
devitoenergy
ridleyrandolph
dolfinn
michaeleternity
sammeltzer
jonuptergrove
brba_17
trolleyfreak
gdw
oirichentertain
laxi
criticoycitrico
kongbu
electricwizardx
joshalmeida
barrypierce
shanderson88
naturalbornkaos
catinmybrain
domxrm
bdgrabinski
retrohound
sophonfilm
ethanbeach
christianalec94
balontuzbee
comrade_yui
gorfd
shikhar29
kassxo
rudimh
jockrivette
andrew_ferguson
doublej2005
maxvayne
bucephalus424
usersaad
cineologist
alexengquist
orensoffer
bearslikemovies
olliecochran
vocaloidmmivice
pappygtalksfilm
ducournaus
jaspuffin
kuryakinn
mrppeeps
aubreythefrog
adrianbernalf
uleeeey
voicelikehoney
zoeyluke
fakerobhunter
rubylilia
dirkbogarde
firehorse_jane
burnpineperish
theblairbitch
natsss
jennaipcar
aleisha
justacrowbro
breno_souza
martinjacob49
bylola
rosiea2016820
slasherhomo
kbertolero
mcp_daskino
zoesmith
solidaritycine
maxdressler
timeistheking
majortomwaits
zachpopereviews
devinnytroy
sethmeyersfan25
rasin_bran
quickdrawkiddo
bummer_buddy
maxivanov
scaredbisexual
sakana1
andrewboydallen
pauloveshorror
jnordell
tehfreddie
blobfishblob
mfystro
sci_fi_wasabi
colonelmortimer
emforce
cillianmrphy
bradgaroon
manuelmamud
graysonity
asdfbatman
corduroydreams
gloriagloom
alanheloy
infinityinc
zott04
hewasthrfriendd
clarkabraham
greenarrow777
malaine
basty2049
missusmags
jigsawpolice
oldfilmsflicker
fugi456
daisyxhead
bigmeller
adamwaldowski
theresebeiivet
markerfan
luffymindset
notoriousmovies
jeremy_urquhart
greffistaf
solid_fantasy
j1w_gtpl
chickenmaster
aspecht
olivialambert16
ben_macdonald
teamshaikha
cate_blanchett
lastcooldude
larsenonfilm
tyler_81502
wes_hannen
joshuajpridmore
robsntown
louferrigno
gregalston95
sarahlovett
alexvlad
theredsolo
esg
ciaran_vallely
aliarikan
1andonlyanthony
movie_viewer
andyyoungfilm
the_sam
justinwuah
camimwiltz
nevdsouza
phoebejl
luke_patton_
yankee88
charlottegadea
aryant
vikramtapadia
liuka
moviesarelife1
jmoney18
filmcal
newjerseynoise
johnny81
damarisjoy
andrew12la
kano
lucasblalock
boley
ttyllucy
haylielol
ireneb
jon393e
armitageshanks
josecanas
haleyasowards
cahiers
rasmuss
elaurapictures
damienowen
themovieguy11
phoenixrivers
firstclass
fisackerly
caseyrxid
hannah_bensley
raiderslostpod
andredenervaux
loganashley
zanderific
dirkh
paddingtonbrown
evanhecker
sunsoar25
benaaa
gayhorrorfilm
genarowlands
movierater33
tosin
dehosure
brad25m
mescalist
jillrob3rts
trast_akt
eugeugeug
jonahwho665
sisterhyde
invincibleasia
thedude3445
barrick
zachhayes
thisisdrew
libbycaldwell
isabelle29
notjeffknight
robynsummer
abswix
kaylafavia
thatreviewerguy
venuscorpio
benjimovies23
drivelikeidont
samthompson22
cxlebear
moviedude
moviepimp
flynnryder
8bitmurderbot
marshayame
lipst1ckteeth
kamilleroboter
superpulse
junjunny
derekjlawrence
gentledoofus
sethhouseholder
bengrimm
martaluvi
aladyonfire
tomcruise
dorsworth
sohni
armovie
adamab
mscorsese
richmond_hill
maneleeo
insidelusmind_
evyatarhershler
chloe1
mikemccabesad
griffin_fenady
samimcknnn
isladeluca
austinlord
peachskies
reygf
librafication
eletrust
alexcolemann
maxroedel
mmassias
vraagtekenss
kylorens
edglendenning
jacobalenciaga
nat_marie
cortezmtz
yeblod
lenn_art
janelleabdo
srevello
chungobox
rabbitroom
porpentina
willhunting
fight_professor
ahutchinson
watchedbyraj
winniep00n
jaimerebanal
lorenzol
alovelynite
stephenfurda
leahdemers
rachaelx97
pinkmcflurry
julps2
welovemovies
alexmarzona
reekinringo
jackednerd
angiepardo
jsyyeung
imketg
bananapudding
namebrandjosh
till3706
paulinelab
weardjupiter
alex_tremo
thecinema4pylon
karimmhmd
benoftheweek
calvindyson
benly
braden_britt
doppelfrio
joshuapictures
meliksahtas
brennan51
thelonelyphoton
bazingal3
filmn00b
filmspotting
andrez15
whitlb
tqxidriver
cosmicfreak
thelistislife42
lucifer221
jeanctrl1
brucefan
pube
themathletes
theawesomepower
kaijuman
jjram00
katervfilms
rashakamal
j_uliarg
salissodun
rainynights
gennyzix
isamather
mariaorgana
rachelleishman
lastkiss
naterichard98
sisterlisa666
asternopinion
ryrydafrenchfry
famsquadyeet
scissorluvs
ceryshawkes
jakeniemeyer
cesarandrzzz
haroonpaul
projetohessel
frankenlotter
aftersuns
petricor
gurman
zoltarak
mattriverss
jamiemiller
jamiecarrick
ladieswholunch
parkerswft
mandy_lf
jeaba
kevincormier
cherryflvrd
petermax1moff
dumbperson
lyddellis
hunterrapp
eskie
shadowlokimon
a_based_mf
ajblack
danielcopari
etienneone
arnavlegofan29
punyeet
oliveoaking
lilliancrawford
timpasta
uotunnson
gustavmenezes
chronopictures
louis2001
matiboy_
screamfilmx
foomaj
mcufilm
megbitchell
tylereld
p00dini
mjsays
pstalbot
sharkchompchomp
donniedarkhoe
robluedtke
houstonion
cammots
juicylobster
12drue
marcesegovia
deeceethered
emmadoster
macfilms
victoryfish
johnnyswanny42
timmyssunflower
nadiaalexeev
caviii
anika_k
anna_imhof
shilial
marymichelle
nojasononlyzool
gayangels
pollenism
weinberg
sexrayspex
39killersheens
finalgirlhorror
charmc
kevschwa
molblartmallcop
sophrsiegel
luddriell
raj_mohan
dylanmickanen
dragonknight
felsefikproblem
lilfilm
supertrovper
always8323
joepack
gemko
wfterstrode
ethan99
itslv
ghostpepper69
lukkeyyy
ireneroldan
thackary
mediapundit
sebsss27
hitopfilms
victorjugo12
djamber
iheartmovies69
noeljpenaflor
jaywill
swim
kappelen
subsahaaron
omar51
jlalibs
mantistoboggan_
sameytram
filmbratz
ssadhamsster
darthrustyy
vegto389
hadbranson
lilyschouchou
kadenchevatewa
noahdh
mques021
belu_albarracin
ceporele
lukewilliams1
bigepicapple
javicueto
murielcampos
nahuutwm
teamedward
ihe
rossatr0n
capitao134
tobethharmon
kevinfaul
prozd
advit2203
pinbacker
lumpyllama
sweeneytom
symonymm
phormos
gahannajd
kylezeman33
screamirror
aklingus
mariaeugenia
taylorlomax
grazdanny4
jbodes
rosaeleanor
tuoto
deltanz
laerteas
troyrowlette
mrbalihai
cw
dirtgrub
labuzamovies
paulapp
ilynori
abnerfilms
salutcestom
barbiesswanlake
younity
mommies
realhenryb
ballmoss
f1lmslut
milliie
calum_marsh
davi_aff
basicallylam
foolswhodream
fxckitdude
adriii
thisisalexei
sloany_
mrcarryon
s4ppho
aworldalone
jpiklor
happikuy
robyyyynix
brandotendie
mhmurray
callumjp
notsoap
devangpathak
ofthevalleys
joshuacurtis
legolazz
punpuned
gamaggioli
johnholmes
milo123
karwaiwong
danscully
arieindienesia
heykorra
emily__17
maxim_slmn06
ceciadevo
mittland
davidcavazos
rosie
corvinii
teamgal
syrock
tripleholmes
amyelliot
azealia
seahorseronan
samherbst
texsawyer
mothrabong
jamiewoodham
spacelessvoid
anikad
euanharris200
24framesofnick
kernetcetera
nicolec00
mszoeyrose
jannefantastic
crduffy97
1snotboy
crew_benjamin
jackrask0v1ch
j11430
hanoots
joeelsey14
benhibburd
margra26
burnser
aditya_rgputra
luxhaze
andafterthatnet
lizlet
jolievoight
noel07
jurassicstark
warm3wind
cwazycrowla
madmick501
andrewdignan
alicedlvryserv
seamonkeyluver
alexfett22
victorsmith
shrek4underated
giulee
annabella_08
gabby__
thomas_rr
realkraftpunk
nabildowneyjr
funeralroses
sharethesamesky
vinvevo
digitalpress
joshuapeinado
gaytiveamerican
tessicat
3c_films
hellohildy
mirrowrball
roberto_
forgeyboi
frp225
tylercwhitmore
halliehalliday
sonarus
eddiemara
hirokazufilm
riotglasses
sprudelheinz
davert22
jamesreivax
va24mar
lyyne
sharktale
evni
spoonietox
madfrieza
owencharlish
jorgeam657
fulcibaby
romankirby
gibboanxious
lman8bsa
gh0stplanet
pimpdaddykhalil
jack
sicily
daisyjohnson912
mr_whippy
eileenscssrhnds
andregps
cinemavoid
mattluvsmovies
kaylaaa
shnorg2342
ghostfacereveal
conchobarre
darthreverse
incomingmail
ross
juleslarson
trashycinephile
isa01
hanklay
alrob22
turbosnor
rodneyfilms
lishsloans
notthewhostommy
azurewomb
notthatellie
absurdhero
lizzmangan97
austinburke
emmalog
ifising
inoelshikari
ajkendric
smallpaul
cinemasix
zeromantis
wsumietosuper
mistat
brun0pinheir0
mallory_andrews
thelastsith
ianw
sgtzima
mdechirico
zedcutsinger
advokate
horrorhilary
itsdonaldglover
lewismclaren
loureviews
ailur0s
thais_tonetti
crislvsmovies
busiestphilipps
sirrah993
benjybox
ajmurray00
bonniexfreddy
alluneedis
frederick0702
jennomaes
draper_
mrrobbiecollin
mundof
moonlgks
duggy17
hbarletto242
earl12456
ghostdinosaur
florbelen
toddalex86
dedingsda
cauls_apartment
jrosenbaum2002
50sromance
thehandmaiden
proofrock
maxrpower
edoardocan
magnolias
thelifeofk
hussyhirsch
nrynott
popular_opinion
szrubamove
maryannk01
christofn
anglek
ryd_my_winona
peacefuldawn
livingdeadyke
notableindie
anika108
amyja89
toomuchistrue
hampus_wersen
naked_airplane
hzjoett
lordception
yogilovesfilm
lowbacca
kaiamlegend
alicjas
warmthful
rajatsuresh
tubular_bro
crazyfilmcritic
milaapadilla
gameplaty
hilyelo
girlsblood
ooah02
cassienava
just2good
andycobain
andresgarcia102
sanriowhore
kaiayamamoto
sillybee
pistaker
iamjesssssica
watchingamovie
tvaz
senswinthecup
okaysayer
robynmcc
zoe_of_mensis
molliebo
whiteferrari
brofromanother
jay_psd
tdm5003
leary
nirupamd
franco_nuno
reviewsbybrooks
caitlinrussell
prateeksharma
saskia222
elihayes
daredvi
inczeption
nuhasuhail
sneezerin
florinscanlon
ilyclemmie
kendallroylov3r
plsdania
odelline
mikflix68
tonyterror
maskull
daisyjones
mrleecurtis
samvanhallgren
hollieamanda
snehc
aaamaaa
chloeac
madihatesfilm
jumblejim
bambooney
hank_chinaski
otherground
rachels_reviews
bryans
nvargascamus
jacktwists
bulletproofqpid
stautis
marshaa
asjad_cj
snowboiiii
chip
nicknewman
curtymcdervs
osaed710
dungeonskramz
kmokler
xvalcal
kitrv
jonsansk8
ashmatxx
kevinyang
loveewitch
vampire95256
rockmarooned
transpauldano
kevlarx
qua1ds
bene06_113
kanye
suttercain
fallenallien
itseddieberry
csmall
gen7
jobwre1
willpoulter
estebueno
caddicarus
tmw180
colinfarreii
lackingsaint
mobasshir
nickofdasouth
nickwibert
caiovitor
bresfilms41
smellslikeupliv
dustynight
mistyspaulson
ericszyszka
eely
hatchet
mattgourley
georgenapper
animegamer
sc_elly
scerleet
nxthan01
laurenplass
nimmuwu
alyssataylor
megorwhatever
kadethenerd
film_illiterate
superman
elmiko_
dpalm34
1godfella
buttholesurfer
sfm8
cgregware13
xbbocrybb
angelocordeiro
trythebuffer
cani
gigopodcast
liamchaidez
richardlawson
jessshiox
morgtionpicture
filipe_furtado
dunya
naii20
ruth
rthornhill
mondaylover
verticallywide
antimoik
jessicasan
broneco
roofcoogar
lencho_o_t_apes
filmninja27
anasilvestre
lindseyromain
inspectortanner
vampirecereal
javierzxs
mj1317
emmagarner
campbellhink
kyle4kld
simonsaybrams
lautengcokj
tatianaboyer
sheldond
jawclick
icharly_com
mrsvipi
mattellis
badeboom
slig001
melirami
cinema_made
artjomrodin
wiingsofdesire
luis_monge14
clayton_mcc16
filmjunkie93
titanerengf
firstshowing
zoeornberg
kibriya
kevinjacobsen
jontelly
keeganeatspie
tobiasandersen2
gizemmm
spencergagnon
apple__
todd_gaines
eddie_a
sailordanae
hllambis
tylermkw
notannafaris
corabellamy
dark_gissell
josiahsmethurst
televised
nickatkinson
shane16
courtneylucas
mrbenas
dominichemphill
elif308
lordhelmchen81
enjillraz
settingsun
slasherreviews
ikarleigh
ereh_
cinemonster
hepburnluv
filmlovinglucy
mushiminion
theslayerbuffy
poetsriddle
lupgrade
davidfinchrr
kuntsuragi
jimfilm2002
oliveblair
stephendanay
tropicalmaladdy
justinrizo
bvaluchova
darthbaker
piulinn
botbotb
jc13
brodieroberts04
irabrooker
smuckerz
iamjaywood
fish_toupee
amad3us
artsambition
loganwhal
sapphical
paauul
manonsd_
theostrichjames
saithkar
blakestakes
joshua_toomes
kyledunne
rtlloyd98
outerspacelad
samuelleary
wicket_
iamakku
unawarewolf
jason_alley
anamedicina
clevack
rickyalmeida
tapewormgod
aaronrfilms
vampirelovers
isabellanbetz
tom_lister
ajsmith007
purplehayes9
leviyoung572
sufiyana
nowhere1997
juliafalvey
nathanisdapper
friendofhagrid
millenniummambo
laurajacoves
isevv
brandon_steger
ed_w00d
dantesring
toddtizzle
rebellemoviefan
oliviahockey
misterdomsir
scenetalk
nikolis
toddhaynes
nrh
yungalvara
medevildead
margaret_david
_okay
shaheerjpeg
chuzen
overdeclined
jocey
furiarte02
james__glen
hstrawberry
finnpoe
cathyk
muddymitch
kjarko
connor_mcla
rakestraw
bellringer11
peachesnsunrise
ashcrow
geoccali
mindymeeks
ezpirited
tschutzer
cambrkr_
caty
coleturner
sisyphusspacek
bryterleiter
jameskl
jhilke
dasdaavid
vinnyt
horriblereviews
johncassavetes
matthewlyon_
esmecalder
araizamc
tylahhhmarie
katkowalski314
frannybaronian
ptapat
joefburris
councillor3004
minick
the_narrator
kudej
crimsonsplash
waxmask
jgerber
andreigirard
finnyismelting
oc124
crafttanner
martamcfly
c_hank1
themorganlane
robertdavid
eltopo68
smogo
nickkocher
cherrygloss
cinemawaffler
miyabacall
hirxeth
rrbm7
apexpredator_mk
anubhav2804
gsy2
eleanordempsey
ecmarinas
davidfitzgerald
thefilmpope
kylenestrella
songtosong
flophousecat
joshuajackson5
vampireweekend
magnafarta
miles_andersen
firstnamewarren
deanmfjones
ddarko42
leeza1452
gnarlymarmalade
g_emi
brat
1bl15
beiklmry
jspartan1
sublimeken
skywalkhrs
henryspencerirl
sundance
cameronsilas
purpletaran
charlimane
ron_elcinefilo
jamsvirtual
lalosmith01
markmarshall
aaronelwhite
mjbreuer
kill_bill
dozzyrok
marna
colinfirths
allysonroche
stephen_ny
arhodes
qaramel
ptabro
walterprz
illmakeyoulaugh
pleasestandbys
lou_kicks
tummyache
rositi
filmirips
jennyslate
rodpontotxt
katrinalouise
crackfox45
letshaveitlad
jaebearhat
popcornideology
angelasndk
realkinoshit
j4ckwalsh
doom_deluise
sethfilms123
ozten
jakobboewer
backntotheleft
jenna0728
ballofmeat
hollynovak
lonnietune
numbnuts666
gcmma
physicalfilms
goobersforguts
jrhovind
feloniousfunk
craiglumley
rmorabia
hsblechman
julissaland
sarahmitch
danielamedd
danp8888
naughty
themanish89
devanagscott
nxamhduffy
punchdrunklizzy
perksofbeingnat
nothnghppens
ejwilliams64
dessaint
nrt
1ostinfilm
melissasartori
mima96
cosmobrown
monalisykes
filmforgetter
deadly25
ingmar
clolinski
caiquepeixoto
davidlecinephil
maritinafvsw
indiancinephile
ethansimmie
trainwrecktim
chanty
mintsanity
uhhjeepers
simon_ious
cinemafilmmovie
margielatabi
lyncoln21
isabriela
jah776
realisator3000
davidehrlich
nickmckenzie
sapphicquinn
dolandark
countdraculas
whoenrique
moviespace
cduffy
porksweats
justcallbrandon
brunasoares
deci_381
dillon_av
samramjam
moviebuff1138
ximenaribs
volcanicdanvers
sworldheld
ryknight
alan_sepinwall
darcysus
gilliananderson
oliviaolive
karamashi
notnacho
jonpaula
limmy
katalas
andrewswafford
silentassassin
man_out_of_time
enniomorricone
codylawrence13
tylaird
alleygilmour
henryg9876
tomhomo
mmbynum
dominicmeylak
stylesbarnes
ariavelz
doggy73
l1ly_
touristshirt
lillyfmack
post1000tension
scumbalina
austin278
lubchansky
kalebmhawkins
chodie_foster
pointbreakfan
artyficial
schlockyhorror
epm101
cobrarocky
lopezzz99
iznogoud
bubbleboy
vibrancy
lykonos
khaosx4x
ajschlecht
chad_hartigan
kishanpatel
saruuuuuuugh
goosetheflerken
ricfranco
dharmabombs
juliettew20
cinemuppet
moviemanjames
drumdums
elias722
jamie_h11
bobmccully
rococowinked
feels_for_reels
charlamet
potatoze
yusufpiskin
dakotajoaquin
darkcollector
utterpiffle
hollyhocket
chris_ofdeath
lluwaves
cruderealist
madymcg
saintpauly
andrews
mystic_riverr
forrrestw2rs
spvtvx
preisman
geuwyie
annaswnsn
lyingonthemoon
weezerweezer
whosava
raphstetics
pedrosazevedo
amandaayoung
moviesrtherapy
diegoroque
hanstn
jadenoberkrom
misterminsoo
rainyzurich
frenchdispatch
thesoundofmusic
darkthronetane
raissalfe
kalebkoho
marialeighla
cinemacollector
gentes
crimsen
lucindajane
djmamajo
finalsouls
adrian_ko
bjorkshandy
othavio232
layanadelrey
abbybel
josephtomastik
evonne
brockferlaak
vanguarddd
nicktendo
term1nator
imspoofy
thefranchise
sgtbarnes
dougholler
cineronin
hunterschafcr
splitdiopterrr
travis224
lanew
lgarcia
traab
danlikeshorror
lisbonpilled
crickerr
tv_girl
simanto
emidamovielover
vetni
whyandre
logan_nelson26
andyboii
kingofburbank
psyduck
alenasmotrit
bobhoveyga
alexkittle
ikheetmark
alexfhwilson
callawalsh
karekano
kun
hellofrank
madeline2818
oliviacolman
nolio
sarkriti
prolelol
ohwelpfilms
kingofgondor
visionsofgideon
yarjka
blake64
movieswasmyidea
martyk0015mp
zanatta21
jayq
riskyyy
jlighting
maddypritchard
brianimator_
heavenbydjsammy
milos
silentroland
jaspersfilms
gc11
learic
shinybeast
dale_nauertz
craiggles
19thlvlcleric
draculauraa
pinkcocacola
balag
krazykaat88
russellhfilm
jaynemansfield
hershwin
jasondashbailey
snom__nom
dantheman2150ad
rsthilaire
behaind
jdyches
yinsed
johnny316
gooligan
doppelgangerdev
uhitsjack
timbrayton
victor2004
tommybb
michael_u
deljury
tediously_brief
lovrfilms
mochreviews
arobiin
yellowthekid
je_f8830
rko_chester
lamanieducinema
boyonthemoon
isaacfeldberg
dylanmeetze
kongs_speech
justsomemodgirl
rigbyreads
vinsim27
2centsplus
samcmac
braddomingus
channingpomeroy
therena
exotica1994
chewbaccant
kristenyoonsoo
picasso
jordlyphe
adriananderson
ndc32002
sebapixar
viktor_csullog
jordanmc22
theblackphillip
nevex
khoss
franki_xcx
oliviaprenter
uberzilla
farts_johnson
silversaxophone
vonnysimarmata
evdees
ojeffery
marmajade
mskp
caseymalone
raybean
mattdevil
liliab
gwendobbs99
narpjay
wkyywen
georgeciveris
brandonleejones
edsbian
mahoganydoors
ghettonomicon
jakepcole
agusdelrey
breaking_chad22
itsprobablykc
jhillman
iaurapalmer
elainemays
gerryhartman
mrpeepers
rionnag
syaoran
hooded_justice
brian_j
leahp22
riley_danson
connormckenna
brsan
breadsword
theelk
unclestan
dy19n
izzio
iwittmann
killingofadeer
hkfanatic
jocemgg
rookj
kuroogoth
bjorksbxtch
hongweikai
willdraugelis
alba1512
zshevich
jonahxcorey
starqryen
khardy
grantfd
ianamurray
kaylee92
qjtbailey
brendanowicz
noir1946
ioriginss
alexiazawader
superscope
joqa03
emersonray
kyrahz
xavvy0209
madeons
adriansreviews
benmcdonald
hiimbo
emperorcupcake
jacobdotgov
gracielamae
harry72
danixrochelle
broadway4me
harlequin
filmwhorl
chuddchutney
edenz
willbrittain
edkupfer
paulovelho
tobealonelive
tombrady13
panos75
rquiroz6
kararobevans
charliemorris
sundiserite
kjacob73
biancad21
tracedthurman
oscarkit316
preston
drewmay
cloverfieid
flickfanatics
kj004
mazeeve
matthewlb
kungfukenny
rtrench
sinceblackwidow
peterstrahm
georgieramone
evilparsley
jamesbong
alex99hf
claire5142
jakegelf
nic101
pdxbridgebum
thegreatmordo
erinlindsayy
thefincherking
iman_vell
leeyim
emophilips
seanmcg
homelessalto
streetsahead55
misjaoostdijk
kathrynmoir
regiinas
arcticaro
realmaryshelley
adamhubscher
roseparamore
wolvereign
itsfrlilbiscuit
hegon
darknstormy
helosoccerfan
khirsxten
joaquien
everyagent
damosuzuki
clbsilencio
cinemaclown
jpmclovin
mlvsfilms
giffey6
alor
will_sloan
celiastjmes
deathisland
ashvsmovies
brandanripley
mattqt
danielpseg
leonvegas
theorollason
evrybdytlks
crisexeflores
